#
# There is insufficient memory for the Java Runtime Environment to continue.
# Native memory allocation (mmap) failed to map 268435456 bytes for G1 virtual space
# Possible reasons:
#   The system is out of physical RAM or swap space
#   The process is running with CompressedOops enabled, and the Java Heap may be blocking the growth of the native heap
# Possible solutions:
#   Reduce memory load on the system
#   Increase physical memory or swap space
#   Check if swap backing store is full
#   Decrease Java heap size (-Xmx/-Xms)
#   Decrease number of Java threads
#   Decrease Java thread stack sizes (-Xss)
#   Set larger code cache with -XX:ReservedCodeCacheSize=
#   JVM is running with Zero Based Compressed Oops mode in which the Java heap is
#     placed in the first 32GB address space. The Java Heap base address is the
#     maximum limit for the native heap growth. Please use -XX:HeapBaseMinAddress
#     to set the Java Heap base and to place the Java Heap above 32GB virtual address.
# This output file may be truncated or incomplete.
#
#  Out of Memory Error (os_windows.cpp:3617), pid=6088, tid=10028
#
# JRE version:  (17.0.8.1+1) (build )
# Java VM: OpenJDK 64-Bit Server VM (17.0.8.1+1-LTS, mixed mode, sharing, tiered, compressed oops, compressed class ptrs, g1 gc, windows-amd64)
# No core dump will be written. Minidumps are not enabled by default on client versions of Windows
#

---------------  S U M M A R Y ------------

Command Line: 

Host: Intel(R) Core(TM) i7-2600 CPU @ 3.40GHz, 8 cores, 15G,  Windows 10 , 64 bit Build 19041 (10.0.19041.3636)
Time: Sun Aug  4 12:21:57 2024  Windows 10 , 64 bit Build 19041 (10.0.19041.3636) elapsed time: 0.015442 seconds (0d 0h 0m 0s)

---------------  T H R E A D  ---------------

Current thread (0x000001c4a045f7d0):  JavaThread "Unknown thread" [_thread_in_vm, id=10028, stack(0x000000a991e00000,0x000000a991f00000)]

Stack: [0x000000a991e00000,0x000000a991f00000]
Native frames: (J=compiled Java code, j=interpreted, Vv=VM code, C=native code)
V  [jvm.dll+0x67bf3a]
V  [jvm.dll+0x83a024]
V  [jvm.dll+0x83b7ce]
V  [jvm.dll+0x83be33]
V  [jvm.dll+0x24785f]
V  [jvm.dll+0x678cb9]
V  [jvm.dll+0x66d54a]
V  [jvm.dll+0x308feb]
V  [jvm.dll+0x310496]
V  [jvm.dll+0x36019e]
V  [jvm.dll+0x3603cf]
V  [jvm.dll+0x2dff38]
V  [jvm.dll+0x2e0ea4]
V  [jvm.dll+0x80bca1]
V  [jvm.dll+0x36df61]
V  [jvm.dll+0x7eafac]
V  [jvm.dll+0x3f0c8f]
V  [jvm.dll+0x3f28a1]
C  [jli.dll+0x528f]
C  [ucrtbase.dll+0x21bb2]
C  [KERNEL32.DLL+0x17344]
C  [ntdll.dll+0x4cc91]


---------------  P R O C E S S  ---------------

Threads class SMR info:
_java_thread_list=0x00007ffbbb243058, length=0, elements={
}

Java Threads: ( => current thread )

Other Threads:
  0x000001c4a04caf40 GCTaskThread "GC Thread#0" [stack: 0x000000a991f00000,0x000000a992000000] [id=14076]
  0x000001c4a04dbde0 ConcurrentGCThread "G1 Main Marker" [stack: 0x000000a992000000,0x000000a992100000] [id=13876]
  0x000001c4a04dcf90 ConcurrentGCThread "G1 Conc#0" [stack: 0x000000a992100000,0x000000a992200000] [id=14176]

[error occurred during error reporting (printing all threads), id 0xc0000005, EXCEPTION_ACCESS_VIOLATION (0xc0000005) at pc=0x00007ffbbaa00927]

VM state: not at safepoint (not fully initialized)

VM Mutex/Monitor currently owned by a thread:  ([mutex/lock_event])
[0x000001c4a045ad60] Heap_lock - owner thread: 0x000001c4a045f7d0

Heap address: 0x0000000700a00000, size: 4086 MB, Compressed Oops mode: Zero based, Oop shift amount: 3

CDS archive(s) mapped at: [0x0000000000000000-0x0000000000000000-0x0000000000000000), size 0, SharedBaseAddress: 0x0000000800000000, ArchiveRelocationMode: 1.
Narrow klass base: 0x0000000000000000, Narrow klass shift: 0, Narrow klass range: 0x0

GC Precious Log:
<Empty>

Heap:
 garbage-first heap   total 0K, used 0K [0x0000000700a00000, 0x0000000800000000)
  region size 2048K, 0 young (0K), 0 survivors (0K)

[error occurred during error reporting (printing heap information), id 0xc0000005, EXCEPTION_ACCESS_VIOLATION (0xc0000005) at pc=0x00007ffbbade5fc9]

GC Heap History (0 events):
No events

Dll operation events (1 events):
Event: 0.008 Loaded shared library C:\Program Files (x86)\Android\openjdk\jdk-17.0.8.101-hotspot\bin\java.dll

Deoptimization events (0 events):
No events

Classes unloaded (0 events):
No events

Classes redefined (0 events):
No events

Internal exceptions (0 events):
No events

VM Operations (0 events):
No events

Events (0 events):
No events


Dynamic libraries:
0x00007ff683a30000 - 0x00007ff683a3e000 	C:\Program Files (x86)\Android\openjdk\jdk-17.0.8.101-hotspot\bin\java.exe
0x00007ffbe9fb0000 - 0x00007ffbea1a8000 	C:\Windows\SYSTEM32\ntdll.dll
0x00007ffbe99b0000 - 0x00007ffbe9a6d000 	C:\Windows\System32\KERNEL32.DLL
0x00007ffbe7b30000 - 0x00007ffbe7e26000 	C:\Windows\System32\KERNELBASE.dll
0x00007ffbe7830000 - 0x00007ffbe7930000 	C:\Windows\System32\ucrtbase.dll
0x00007ffbd6840000 - 0x00007ffbd6857000 	C:\Program Files (x86)\Android\openjdk\jdk-17.0.8.101-hotspot\bin\jli.dll
0x00007ffbd57f0000 - 0x00007ffbd580b000 	C:\Program Files (x86)\Android\openjdk\jdk-17.0.8.101-hotspot\bin\VCRUNTIME140.dll
0x00007ffbe9ce0000 - 0x00007ffbe9e7f000 	C:\Windows\System32\USER32.dll
0x00007ffbe7f10000 - 0x00007ffbe7f32000 	C:\Windows\System32\win32u.dll
0x00007ffbd19c0000 - 0x00007ffbd1c5a000 	C:\Windows\WinSxS\amd64_microsoft.windows.common-controls_6595b64144ccf1df_6.0.19041.4355_none_60b8b9eb71f62e16\COMCTL32.dll
0x00007ffbe9e80000 - 0x00007ffbe9eab000 	C:\Windows\System32\GDI32.dll
0x00007ffbe8100000 - 0x00007ffbe819e000 	C:\Windows\System32\msvcrt.dll
0x00007ffbe7710000 - 0x00007ffbe7827000 	C:\Windows\System32\gdi32full.dll
0x00007ffbe7930000 - 0x00007ffbe79cd000 	C:\Windows\System32\msvcp_win.dll
0x00007ffbe89d0000 - 0x00007ffbe89ff000 	C:\Windows\System32\IMM32.DLL
0x00007ffbe3640000 - 0x00007ffbe364c000 	C:\Program Files (x86)\Android\openjdk\jdk-17.0.8.101-hotspot\bin\vcruntime140_1.dll
0x00007ffbc56b0000 - 0x00007ffbc573d000 	C:\Program Files (x86)\Android\openjdk\jdk-17.0.8.101-hotspot\bin\msvcp140.dll
0x00007ffbba710000 - 0x00007ffbbb375000 	C:\Program Files (x86)\Android\openjdk\jdk-17.0.8.101-hotspot\bin\server\jvm.dll
0x00007ffbe96d0000 - 0x00007ffbe9780000 	C:\Windows\System32\ADVAPI32.dll
0x00007ffbe7ff0000 - 0x00007ffbe8090000 	C:\Windows\System32\sechost.dll
0x00007ffbe8c00000 - 0x00007ffbe8d23000 	C:\Windows\System32\RPCRT4.dll
0x00007ffbe7670000 - 0x00007ffbe7697000 	C:\Windows\System32\bcrypt.dll
0x00007ffbe6bc0000 - 0x00007ffbe6c0b000 	C:\Windows\SYSTEM32\POWRPROF.dll
0x00007ffb3bb80000 - 0x00007ffb3bb89000 	C:\Windows\SYSTEM32\WSOCK32.dll
0x00007ffbdb930000 - 0x00007ffbdb957000 	C:\Windows\SYSTEM32\WINMM.dll
0x00007ffbe8a10000 - 0x00007ffbe8a7b000 	C:\Windows\System32\WS2_32.dll
0x00007ffbe0330000 - 0x00007ffbe033a000 	C:\Windows\SYSTEM32\VERSION.dll
0x00007ffbe6a60000 - 0x00007ffbe6a72000 	C:\Windows\SYSTEM32\UMPDC.dll
0x00007ffbe54d0000 - 0x00007ffbe54e2000 	C:\Windows\SYSTEM32\kernel.appcore.dll
0x00007ffbe3620000 - 0x00007ffbe362a000 	C:\Program Files (x86)\Android\openjdk\jdk-17.0.8.101-hotspot\bin\jimage.dll
0x00007ffbdfed0000 - 0x00007ffbe00b4000 	C:\Windows\SYSTEM32\DBGHELP.DLL
0x00007ffbd0fb0000 - 0x00007ffbd0fe4000 	C:\Windows\SYSTEM32\dbgcore.DLL
0x00007ffbe7e80000 - 0x00007ffbe7f02000 	C:\Windows\System32\bcryptPrimitives.dll
0x00007ffbd35d0000 - 0x00007ffbd35f5000 	C:\Program Files (x86)\Android\openjdk\jdk-17.0.8.101-hotspot\bin\java.dll

dbghelp: loaded successfully - version: 4.0.5 - missing functions: none
symbol engine: initialized successfully - sym options: 0x614 - pdb path: .;C:\Program Files (x86)\Android\openjdk\jdk-17.0.8.101-hotspot\bin;C:\Windows\SYSTEM32;C:\Windows\WinSxS\amd64_microsoft.windows.common-controls_6595b64144ccf1df_6.0.19041.4355_none_60b8b9eb71f62e16;C:\Program Files (x86)\Android\openjdk\jdk-17.0.8.101-hotspot\bin\server

VM Arguments:
java_command: <unknown>
java_class_path (initial): <not set>
Launcher Type: SUN_STANDARD

[Global flags]
     intx CICompilerCount                          = 4                                         {product} {ergonomic}
     uint ConcGCThreads                            = 2                                         {product} {ergonomic}
     uint G1ConcRefinementThreads                  = 8                                         {product} {ergonomic}
   size_t G1HeapRegionSize                         = 2097152                                   {product} {ergonomic}
    uintx GCDrainStackTargetSize                   = 64                                        {product} {ergonomic}
   size_t InitialHeapSize                          = 268435456                                 {product} {ergonomic}
   size_t MarkStackSize                            = 4194304                                   {product} {ergonomic}
   size_t MaxHeapSize                              = 4284481536                                {product} {ergonomic}
   size_t MinHeapDeltaBytes                        = 2097152                                   {product} {ergonomic}
   size_t MinHeapSize                              = 8388608                                   {product} {ergonomic}
    uintx NonNMethodCodeHeapSize                   = 5839372                                {pd product} {ergonomic}
    uintx NonProfiledCodeHeapSize                  = 122909434                              {pd product} {ergonomic}
    uintx ProfiledCodeHeapSize                     = 122909434                              {pd product} {ergonomic}
    uintx ReservedCodeCacheSize                    = 251658240                              {pd product} {ergonomic}
     bool SegmentedCodeCache                       = true                                      {product} {ergonomic}
   size_t SoftMaxHeapSize                          = 4284481536                             {manageable} {ergonomic}
     bool UseCompressedClassPointers               = true                           {product lp64_product} {ergonomic}
     bool UseCompressedOops                        = true                           {product lp64_product} {ergonomic}
     bool UseG1GC                                  = true                                      {product} {ergonomic}
     bool UseLargePagesIndividualAllocation        = false                                  {pd product} {ergonomic}

Logging:
Log output configuration:
 #0: stdout all=warning uptime,level,tags
 #1: stderr all=off uptime,level,tags

Environment Variables:
PATH=C:\Program Files (x86)\Android\openjdk\jdk-17.0.8.101-hotspot\bin;C:\Program Files\Common Files\Oracle\Java\javapath;C:\Program Files\Microsoft\jdk-11.0.16.101-hotspot\bin;C:\Windows\system32;C:\Windows;C:\Windows\System32\Wbem;C:\Windows\System32\WindowsPowerShell\v1.0\;C:\Windows\System32\OpenSSH\;C:\Program Files (x86)\Intel\OpenCL SDK\2.0\bin\x86;C:\Program Files (x86)\Intel\OpenCL SDK\2.0\bin\x64;C:\Program Files (x86)\ATI Technologies\ATI.ACE\Core-Static;C:\Program Files\dotnet\;C:\Program Files\Microsoft SQL Server\150\Tools\Binn\;C:\Program Files\Microsoft SQL Server\Client SDK\ODBC\170\Tools\Binn\;C:\Program Files\Git\cmd;C:\Program Files\Docker\Docker\resources\bin;C:\Users\Katya\AppData\Local\Programs\Python\Python311\Scripts\;C:\Users\Katya\AppData\Local\Programs\Python\Python311\;C:\Users\Katya\AppData\Local\Microsoft\WindowsApps;C:\Users\Katya\.dotnet\tools;D:\PyCharm Community Edition 2023.2.1\bin;;C:\Program Files\Azure Data Studio\bin;D:\osmosis\bin;C:\Users\Katya\AppData\Local\Programs\Microsoft VS Code\bin
USERNAME=Katya
OS=Windows_NT
PROCESSOR_IDENTIFIER=Intel64 Family 6 Model 42 Stepping 7, GenuineIntel
TMP=C:\Users\Katya\AppData\Local\Temp
TEMP=C:\Users\Katya\AppData\Local\Temp



---------------  S Y S T E M  ---------------

OS:
 Windows 10 , 64 bit Build 19041 (10.0.19041.3636)
OS uptime: 0 days 3:12 hours
Hyper-V role detected

CPU: total 8 (initial active 8) (4 cores per cpu, 2 threads per core) family 6 model 42 stepping 7 microcode 0x2f, cx8, cmov, fxsr, ht, mmx, sse, sse2, sse3, ssse3, sse4.1, sse4.2, popcnt, tsc, tscinvbit, avx, aes, clmul, vzeroupper, clflush, hv
Processor Information for all 8 processors :
  Max Mhz: 3400, Current Mhz: 3400, Mhz Limit: 3400

Memory: 4k page, system-wide physical 16341M (3305M free)
TotalPageFile size 16341M (AvailPageFile size 170M)
current process WorkingSet (physical memory assigned to process): 11M, peak: 11M
current process commit charge ("private bytes"): 60M, peak: 316M

vm_info: OpenJDK 64-Bit Server VM (17.0.8.1+1-LTS) for windows-amd64 JRE (17.0.8.1+1-LTS), built on Aug 23 2023 17:38:52 by "MicrosoftCorporation" with MS VC++ 16.10 / 16.11 (VS2019)

END.
